2025-02-03 01:43:32,211 - INFO - Build completed with status: SUCCESS
2025-02-03 01:43:32,211 - ERROR - Error processing pci report: [Errno 2] No such file or directory: 'pci_report.json'
2025-02-03 01:43:32,211 - ERROR - Error processing soc2 report: [Errno 2] No such file or directory: 'soc2_report.json'
2025-02-03 01:43:32,212 - INFO - Compliance check summary: {}
2025-02-03 01:43:32,212 - WARNING - Some compliance checks failed. Check detailed_compliance_report.json for more information.
2025-02-03 01:50:38,657 - INFO - Build 79 completed with status: SUCCESS
2025-02-03 01:50:38,657 - ERROR - Error processing pci report: [Errno 2] No such file or directory: 'pci_report.json'
2025-02-03 01:50:38,657 - ERROR - Error processing soc2 report: [Errno 2] No such file or directory: 'soc2_report.json'
2025-02-03 01:50:38,658 - INFO - Compliance check summary: {}
2025-02-03 01:50:38,658 - WARNING - Some compliance checks failed. Check detailed_compliance_report.json for more details.
2025-02-03 02:07:25,054 - INFO - Build 84 completed with status: FAILURE
2025-02-03 02:09:30,852 - INFO - Build 86 completed with status: ABORTED
2025-02-03 02:10:02,020 - INFO - Build 87 is still running...
2025-02-03 02:10:07,045 - INFO - Build 87 is still running...
2025-02-03 02:10:12,074 - INFO - Build 87 is still running...
2025-02-03 02:10:17,101 - INFO - Build 87 is still running...
2025-02-03 02:10:22,138 - INFO - Build 87 is still running...
2025-02-03 02:10:27,168 - INFO - Build 87 is still running...
2025-02-03 02:10:32,207 - INFO - Build 87 completed with status: FAILURE
2025-02-03 02:13:01,400 - INFO - Build 88 completed with status: FAILURE
2025-02-03 02:13:07,787 - INFO - Build 88 completed with status: FAILURE
2025-02-03 02:13:14,951 - INFO - Build 89 is still running...
2025-02-03 02:13:19,989 - INFO - Build 89 is still running...
2025-02-03 02:13:25,039 - INFO - Build 89 is still running...
2025-02-03 02:13:30,072 - INFO - Build 89 is still running...
2025-02-03 02:13:35,092 - INFO - Build 89 is still running...
2025-02-03 02:13:40,130 - INFO - Build 89 completed with status: FAILURE
2025-02-03 02:14:22,661 - INFO - Build 90 completed with status: FAILURE
2025-02-03 02:14:35,518 - INFO - Build 91 is still running...
2025-02-03 02:14:40,548 - INFO - Build 91 is still running...
2025-02-03 02:14:45,574 - INFO - Build 91 is still running...
2025-02-03 02:14:50,604 - INFO - Build 91 is still running...
2025-02-03 02:14:55,631 - INFO - Build 91 is still running...
2025-02-03 02:15:00,654 - INFO - Build 91 is still running...
2025-02-03 02:15:05,679 - INFO - Build 91 is still running...
2025-02-03 02:15:10,740 - INFO - Build 91 completed with status: FAILURE
2025-02-03 02:19:01,853 - INFO - Build 92 completed with status: FAILURE
2025-02-03 02:19:04,640 - INFO - Build 92 completed with status: FAILURE
2025-02-03 02:19:06,339 - INFO - Build 92 completed with status: FAILURE
2025-02-03 02:19:08,627 - INFO - Build 92 completed with status: FAILURE
2025-02-03 02:19:11,260 - INFO - Build 93 is still running...
2025-02-03 02:19:16,298 - INFO - Build 93 is still running...
2025-02-03 02:19:21,321 - INFO - Build 93 is still running...
2025-02-03 02:19:26,347 - INFO - Build 93 is still running...
2025-02-03 02:19:31,368 - INFO - Build 93 is still running...
2025-02-03 02:19:36,400 - INFO - Build 93 completed with status: FAILURE
